Traceback (most recent call last):
  File "/usr/local/lib/python3.10/dist-packages/selenium/webdriver/common/driver_finder.py", line 64, in _binary_paths
    raise ValueError(f"The path is not a valid file: {path}")
ValueError: The path is not a valid file: C:/Users/jerem/OneDrive/Documents/ESILV/A4 bis/S8/PGL/Projet_Final/chromedriver-win64/chromedriver-win64/chromedriver.exe

The above exception was the direct cause of the following exception:

Traceback (most recent call last):
  File "/mnt/c/Users/jerem/OneDrive/Documents/ESILV/A4 bis/S8/PGL/Projet_Final/scraper_selenium.py", line 14, in <module>
    driver = webdriver.Chrome(service=service, options=options)
  File "/usr/local/lib/python3.10/dist-packages/selenium/webdriver/chrome/webdriver.py", line 45, in __init__
    super().__init__(
  File "/usr/local/lib/python3.10/dist-packages/selenium/webdriver/chromium/webdriver.py", line 50, in __init__
    if finder.get_browser_path():
  File "/usr/local/lib/python3.10/dist-packages/selenium/webdriver/common/driver_finder.py", line 47, in get_browser_path
    return self._binary_paths()["browser_path"]
  File "/usr/local/lib/python3.10/dist-packages/selenium/webdriver/common/driver_finder.py", line 78, in _binary_paths
    raise NoSuchDriverException(msg) from err
selenium.common.exceptions.NoSuchDriverException: Message: Unable to obtain driver for chrome; For documentation on this error, please visit: https://www.selenium.dev/documentation/webdriver/troubleshooting/errors/driver_location

Données mises à jour avec succès ✅
Traceback (most recent call last):
  File "/usr/local/lib/python3.10/dist-packages/selenium/webdriver/common/driver_finder.py", line 64, in _binary_paths
    raise ValueError(f"The path is not a valid file: {path}")
ValueError: The path is not a valid file: C:/Users/jerem/OneDrive/Documents/ESILV/A4 bis/S8/PGL/Projet_Final/chromedriver-win64/chromedriver-win64/chromedriver.exe

The above exception was the direct cause of the following exception:

Traceback (most recent call last):
  File "/mnt/c/Users/jerem/OneDrive/Documents/ESILV/A4 bis/S8/PGL/Projet_Final/scraper_selenium.py", line 14, in <module>
    driver = webdriver.Chrome(service=service, options=options)
  File "/usr/local/lib/python3.10/dist-packages/selenium/webdriver/chrome/webdriver.py", line 45, in __init__
    super().__init__(
  File "/usr/local/lib/python3.10/dist-packages/selenium/webdriver/chromium/webdriver.py", line 50, in __init__
    if finder.get_browser_path():
  File "/usr/local/lib/python3.10/dist-packages/selenium/webdriver/common/driver_finder.py", line 47, in get_browser_path
    return self._binary_paths()["browser_path"]
  File "/usr/local/lib/python3.10/dist-packages/selenium/webdriver/common/driver_finder.py", line 78, in _binary_paths
    raise NoSuchDriverException(msg) from err
selenium.common.exceptions.NoSuchDriverException: Message: Unable to obtain driver for chrome; For documentation on this error, please visit: https://www.selenium.dev/documentation/webdriver/troubleshooting/errors/driver_location

Données mises à jour avec succès ✅
Les valeurs dynamiques ne se sont pas chargées correctement.
Code source enregistré dans 'source.html'.
Données mises à jour avec succès ✅
Les valeurs dynamiques ne se sont pas chargées correctement.
Code source enregistré dans 'source.html'.
Données mises à jour avec succès ✅
Les valeurs dynamiques ne se sont pas chargées correctement.
Code source enregistré dans 'source.html'.
Données mises à jour avec succès ✅
Les valeurs dynamiques ne se sont pas chargées correctement.
Code source enregistré dans 'source.html'.
Données mises à jour avec succès ✅
Les valeurs dynamiques ne se sont pas chargées correctement.
Code source enregistré dans 'source.html'.
Données mises à jour avec succès ✅
Les valeurs dynamiques ne se sont pas chargées correctement.
Code source enregistré dans 'source.html'.
Données mises à jour avec succès
Les valeurs dynamiques ne se sont pas chargées correctement.
Code source enregistré dans 'source.html'.
Données mises à jour avec succès
Les valeurs dynamiques ne se sont pas chargées correctement.
Code source enregistré dans 'source.html'.
Données mises à jour avec succès
Les valeurs dynamiques ne se sont pas chargées correctement.
Code source enregistré dans 'source.html'.
Données mises à jour avec succès
Les valeurs dynamiques ne se sont pas chargées correctement.
Code source enregistré dans 'source.html'.
Données mises à jour avec succès
Les valeurs dynamiques ne se sont pas chargées correctement.
Code source enregistré dans 'source.html'.
Données mises à jour avec succès
Les valeurs dynamiques ne se sont pas chargées correctement.
Code source enregistré dans 'source.html'.
Données mises à jour avec succès
Les valeurs dynamiques ne se sont pas chargées correctement.
Code source enregistré dans 'source.html'.
Données mises à jour avec succès
Les valeurs dynamiques ne se sont pas chargées correctement.
Code source enregistré dans 'source.html'.
Données mises à jour avec succès
Les valeurs dynamiques ne se sont pas chargées correctement.
Code source enregistré dans 'source.html'.
Données mises à jour avec succès
Les valeurs dynamiques ne se sont pas chargées correctement.
Code source enregistré dans 'source.html'.
Données mises à jour avec succès
Les valeurs dynamiques ne se sont pas chargées correctement.
Code source enregistré dans 'source.html'.
Données mises à jour avec succès
Les valeurs dynamiques ne se sont pas chargées correctement.
Code source enregistré dans 'source.html'.
Données mises à jour avec succès
Les valeurs dynamiques ne se sont pas chargées correctement.
Code source enregistré dans 'source.html'.
Données mises à jour avec succès
Les valeurs dynamiques ne se sont pas chargées correctement.
Code source enregistré dans 'source.html'.
Données mises à jour avec succès
Les valeurs dynamiques ne se sont pas chargées correctement.
Code source enregistré dans 'source.html'.
Données mises à jour avec succès
Les valeurs dynamiques ne se sont pas chargées correctement.
Code source enregistré dans 'source.html'.
Données mises à jour avec succès
Les valeurs dynamiques ne se sont pas chargées correctement.
Code source enregistré dans 'source.html'.
Données mises à jour avec succès
Les valeurs dynamiques ne se sont pas chargées correctement.
Code source enregistré dans 'source.html'.
Données mises à jour avec succès
Les valeurs dynamiques ne se sont pas chargées correctement.
Code source enregistré dans 'source.html'.
Données mises à jour avec succès
Les valeurs dynamiques ne se sont pas chargées correctement.
Code source enregistré dans 'source.html'.
Données mises à jour avec succès
Les valeurs dynamiques ne se sont pas chargées correctement.
Code source enregistré dans 'source.html'.
Données mises à jour avec succès
Les valeurs dynamiques ne se sont pas chargées correctement.
Code source enregistré dans 'source.html'.
Données mises à jour avec succès
Les valeurs dynamiques ne se sont pas chargées correctement.
Code source enregistré dans 'source.html'.
Données mises à jour avec succès
Les valeurs dynamiques ne se sont pas chargées correctement.
Code source enregistré dans 'source.html'.
Données mises à jour avec succès
Les valeurs dynamiques ne se sont pas chargées correctement.
Code source enregistré dans 'source.html'.
Données mises à jour avec succès
Les valeurs dynamiques ne se sont pas chargées correctement.
Code source enregistré dans 'source.html'.
Données mises à jour avec succès
Les valeurs dynamiques ne se sont pas chargées correctement.
Code source enregistré dans 'source.html'.
Données mises à jour avec succès
Les valeurs dynamiques ne se sont pas chargées correctement.
Code source enregistré dans 'source.html'.
Données mises à jour avec succès
Les valeurs dynamiques ne se sont pas chargées correctement.
Code source enregistré dans 'source.html'.
Données mises à jour avec succès
Les valeurs dynamiques ne se sont pas chargées correctement.
Code source enregistré dans 'source.html'.
Données mises à jour avec succès
Les valeurs dynamiques ne se sont pas chargées correctement.
Code source enregistré dans 'source.html'.
Données mises à jour avec succès
Les valeurs dynamiques ne se sont pas chargées correctement.
Code source enregistré dans 'source.html'.
Données mises à jour avec succès
Les valeurs dynamiques ne se sont pas chargées correctement.
Code source enregistré dans 'source.html'.
Données mises à jour avec succès
Les valeurs dynamiques ne se sont pas chargées correctement.
Code source enregistré dans 'source.html'.
Données mises à jour avec succès
Les valeurs dynamiques ne se sont pas chargées correctement.
Code source enregistré dans 'source.html'.
Données mises à jour avec succès
Les valeurs dynamiques ne se sont pas chargées correctement.
Code source enregistré dans 'source.html'.
Données mises à jour avec succès
Les valeurs dynamiques ne se sont pas chargées correctement.
Code source enregistré dans 'source.html'.
Données mises à jour avec succès
Les valeurs dynamiques ne se sont pas chargées correctement.
Code source enregistré dans 'source.html'.
Données mises à jour avec succès
Les valeurs dynamiques ne se sont pas chargées correctement.
Code source enregistré dans 'source.html'.
Données mises à jour avec succès
